
commit 0a471ad1347535377d5e5147e21761dd04430b0e
Author: coyote <nicholas.eden.long@gmail.com>
Date:   Tue Feb 22 23:14:56 2022 -0600

    stuff to configure and set up git in new environments
kb/linux/git-settings.md

commit 1c5f1919a622225ced4963f2e0a018b9266c6cf8
Author: coyote <nicholas.eden.long@gmail.com>
Date:   Tue Feb 22 23:30:30 2022 -0600

    initial git credential config command
kb/linux/git-settings.md

commit c7deed6c69197967032b16c7149fe1ca18b08ff2
Author: coyote <nicholas.eden.long@gmail.com>
Date:   Tue Feb 22 23:48:46 2022 -0600

    seriously way better ways to do things. it pays to read a book.
kb/bash-scripting/check-empty-var.md

commit c71720836eecdbc36011e7d34202681fd93e9176
Author: coyote <nicholas.eden.long@gmail.com>
Date:   Wed Feb 23 02:01:44 2022 -0600

    fix bash script markdown syntax tags
kb/bash-scripting/check-empty-var.md
kb/bash-scripting/substitution-syntax-braces.md
kb/hacking/priv-esc/polkit-pkexec-CVE-2021-4034/run-in-docker.md

commit 58f981eb1e61eb26c223971c246fbae4d7282002
Author: coyote <nicholas.eden.long@gmail.com>
Date:   Wed Feb 23 02:43:09 2022 -0600

    fix syntax tags on markdown snippets
kb/hacking/lan/bettercap-options.md
