
commit 78103e9a42edb4397103a234a30f0e310ddad4ea
Author: nicholas-long <nicholas.eden.long@gmail.com>
Date:   Sat Aug 6 20:33:19 2022 -0500

    include chisel link
kb/networking/port-forwarding.md

commit 7ec878e208a718ebdb5f99f57cf9e318f0365f10
Author: Nicholas Long <nicholas.eden.long@gmail.com>
Date:   Sun Aug 7 08:11:38 2022 +0000

    guacamole
kb/hacking/misc/buzzwords-and-acronyms.md

commit 7fa050190dad15c0dd8698d43661d4de1fa99a41
Author: nicholas-long <nicholas.eden.long@gmail.com>
Date:   Sun Aug 7 11:15:40 2022 -0500

    postgres enumeration commands
kb/hacking/commands/database-enum-commands.md

commit c5c29971ea5919d93f89e093a5d29ee52c51eedd
Author: nicholas-long <nicholas.eden.long@gmail.com>
Date:   Sun Aug 7 11:20:17 2022 -0500

    helpful tip
kb/hacking/to-try-lists/privesc/linux.md

commit 196a1facef3945cdfd4485aec7a97c3d7e6abfa9
Author: nicholas-long <nicholas.eden.long@gmail.com>
Date:   Sun Aug 7 11:23:51 2022 -0500

    connect up notes on file read to privesc
kb/hacking/to-try-lists/got-read-or-write-access-to-filesystem.md
kb/hacking/to-try-lists/privesc/linux.md
