
commit 6f2d7e0e27ee76f165d204f77c57c479d762f8fe
Author: nicholas-long <nicholas-long@users.noreply.github.com>
Date:   Tue Sep 20 01:47:20 2022 +0000

    update autogenerated files
kb/auto-bash.md

commit fd791aae248336f78fad0615a53d46959537a6c5
Author: nicholas-long <nicholas-long@users.noreply.github.com>
Date:   Tue Sep 20 01:52:23 2022 +0000

    update autogenerated files
kb/auto-bash.md

commit ce41366b8553d0029d647e372400bfdee7ed7088
Author: nicholas-long <nicholas-long@users.noreply.github.com>
Date:   Tue Sep 20 02:22:30 2022 +0000

    update autogenerated files
kb/auto-bash.md

commit 824131b9e622bb052188fa7f35cb9568081537e9
Author: Nicholas Long <nicholas.eden.long@gmail.com>
Date:   Tue Sep 20 02:32:18 2022 +0000

    bash xml parsing
kb/bash-scripting/xml-parsing.md

commit b7c2ff30514453224722302cbd6ba84134870480
Author: nicholas-long <nicholas-long@users.noreply.github.com>
Date:   Tue Sep 20 03:33:56 2022 +0000

    update autogenerated files
kb/auto-python.md

commit 8e8a35eb2057a9ea2cc8060c4531403102b24ec3
Author: nicholas-long <nicholas-long@users.noreply.github.com>
Date:   Tue Sep 20 03:39:17 2022 +0000

    update autogenerated files
kb/auto-awk.md

commit b31b47e50734ec658000c584d28624b07ec2bd2a
Author: nicholas-long <nicholas-long@users.noreply.github.com>
Date:   Tue Sep 20 05:08:11 2022 +0000

    update autogenerated files
kb/auto-python.md

commit bfa70bc24e28de00121583c71a3e5e99245a6a51
Author: nicholas-long <nicholas-long@users.noreply.github.com>
Date:   Tue Sep 20 05:28:41 2022 +0000

    update autogenerated files
kb/auto-python.md

commit 36b9f3d418984ae65aaa0e6cb4454bf31332dfce
Author: nicholas-long <nicholas-long@users.noreply.github.com>
Date:   Tue Sep 20 05:32:25 2022 +0000

    update autogenerated files
kb/auto-bash.md

commit 7756eed2d0db9e4725156d1279ebaac80bd9e60c
Author: nicholas-long <nicholas-long@users.noreply.github.com>
Date:   Tue Sep 20 05:44:44 2022 +0000

    update autogenerated files
kb/auto-bash.md

commit c1d71f5bc42c1eaca53a2f6bd36ae62c199f58af
Author: nicholas-long <nicholas-long@users.noreply.github.com>
Date:   Tue Sep 20 05:52:44 2022 +0000

    update autogenerated files
kb/auto-bash.md

commit 30dc6b6b7c55c470f73345ef720e02b87c6d0be6
Author: nicholas-long <nicholas-long@users.noreply.github.com>
Date:   Tue Sep 20 06:05:28 2022 +0000

    update autogenerated files
kb/auto-bash.md

commit 4550d3e6dddb54fe215a6a2156e88978a7c4c098
Author: nicholas-long <nicholas-long@users.noreply.github.com>
Date:   Tue Sep 20 06:09:39 2022 +0000

    update autogenerated files
kb/auto-bash.md

commit 4587cd2ed9e035857fd9ef6de0d1516f4fd9bcea
Author: nicholas-long <nicholas-long@users.noreply.github.com>
Date:   Tue Sep 20 06:13:50 2022 +0000

    update autogenerated files
kb/auto-bash.md

commit 359f94c470340aa14dfaa0cc13709dadf21b7ac8
Author: nicholas-long <nicholas-long@users.noreply.github.com>
Date:   Tue Sep 20 17:32:35 2022 +0000

    update autogenerated files
kb/auto-bash.md

commit 7964518c272223c0054a11d981d8ac0c97027c2d
Author: nicholas-long <nicholas-long@users.noreply.github.com>
Date:   Tue Sep 20 17:38:26 2022 +0000

    update autogenerated files
kb/auto-awk.md
kb/auto-bash.md
kb/auto-python.md

commit 7998651b7285f78c4fb11e2d8252750aeaeaa23b
Author: Nicholas Long <nicholas.eden.long@gmail.com>
Date:   Tue Sep 20 20:51:20 2022 +0000

    buzzwords
kb/hacking/misc/buzzwords-and-acronyms.md

commit f3d14b898562c9769f537e9f550b6ceb64231de8
Author: nicholas-long <nicholas-long@users.noreply.github.com>
Date:   Tue Sep 20 20:52:45 2022 +0000

    update autogenerated files
kb/auto-bash.md

commit 84f5ce0cf5eaaf2ce78b83834469fca3827cc7c2
Author: nicholas-long <nicholas-long@users.noreply.github.com>
Date:   Tue Sep 20 21:08:22 2022 +0000

    update autogenerated files
kb/auto-bash.md

commit b65dcd1c3370cf88ce3a5a322a1507ee597bfdd2
Author: Nicholas Long <nicholas.eden.long@gmail.com>
Date:   Tue Sep 20 21:12:54 2022 +0000

    fix keywords
kb/bash-scripting/xml-parsing.md
