
commit a9b39bf8d7762cd6e43a6f8f5a45d792f90f3551
Author: Nicholas Long <nicholas.eden.long@gmail.com>
Date:   Fri Jun 24 02:46:35 2022 +0000

    clean up this file
kb/auto-bash.md

commit 3bbc699bce8e52ca140e9adfdb534a9fc631b79b
Author: Nicholas Long <nicholas.eden.long@gmail.com>
Date:   Fri Jun 24 03:27:28 2022 +0000

    add custom wordlists
kb/hacking/to-try-lists/HTTP.md

commit 3afb7dc4a9a0a40a66c0619343542c4bef7d300e
Author: Nicholas Long <nicholas.eden.long@gmail.com>
Date:   Fri Jun 24 04:00:54 2022 +0000

    cleanup notes
kb/bash-scripting/get-current-unix-date-timestamp.md

commit 766bd057b2ce811d083b8a442f62850ddaac69f5
Author: Nicholas Long <nicholas.eden.long@gmail.com>
Date:   Fri Jun 24 04:03:46 2022 +0000

    keywords
kb/hacking/passwords/hashcat-generate-wordlist-from-file-stdout.md

commit fb33ab09fc5a34f85df78db133439b361f23b339
Author: nicholas-long <nicholas.eden.long@gmail.com>
Date:   Fri Jun 24 15:56:00 2022 -0500

    update to try list to reflect wordlists
kb/hacking/to-try-lists/HTTP.md

commit 4d756b94fb86fd8696682320d03bf50c1df25516
Author: nicholas-long <nicholas.eden.long@gmail.com>
Date:   Fri Jun 24 16:27:22 2022 -0500

    docker copy to target
kb/hacking/misc/assorted-information.md
