
commit 3f6adde334daad2e073d5cf29bafbfa856c5132c
Author: Nicholas Long <nicholas.eden.long@gmail.com>
Date:   Sat May 21 09:56:38 2022 +0000

    start cleaning this up
kb/hacking/commands/msfvenom-commands.md

commit 59dfa4b8e1b8413b56019e97f608effbeed42dc5
Author: Nicholas Long <nicholas.eden.long@gmail.com>
Date:   Sat May 21 09:59:55 2022 +0000

    practical for copypasting
kb/hacking/commands/msfvenom-commands.md

commit f1c28cc208bb87e6fb9b4a29b68a9a4781ba87b6
Author: Nicholas Long <nicholas.eden.long@gmail.com>
Date:   Sat May 21 10:26:53 2022 +0000

    useful
kb/awk-scripting/awk-split.md

commit b826327a48be884eb263e628f3fe53c694cabf31
Author: Nicholas Long <nicholas.eden.long@gmail.com>
Date:   Sat May 21 10:27:20 2022 +0000

    notes from s1ren video thales
kb/hacking/commands/hydra-default-credentials.md
kb/hacking/priv-esc/enumeration-quick-commands.md
kb/hacking/to-try-lists/EVERYTHING.md
kb/hacking/to-try-lists/procedure.md

commit 285bf7ea29768f8fee1fc3f22b394fa1aa3e7510
Author: Nicholas Long <nicholas.eden.long@gmail.com>
Date:   Sat May 21 20:17:25 2022 +0000

    start of notes for ippsec video pandora
kb/hacking/commands/snmp-enumeration-commands.md
kb/hacking/to-try-lists/nmap-UDP-scan-individual-port-scans.md
