
commit 7d842c8518fd7046db411e472873c796d69e966f
Author: coyote <nicholas.eden.long@gmail.com>
Date:   Thu Feb 24 23:55:43 2022 -0600

    useful information
kb/docker/install-docker-compose.md
kb/linux/install-alacritty.md

commit 1d2fd3994f917a39885adcdb71cb7b474ea838db
Author: coyote0x90 <nicholas.eden.long@gmail.com>
Date:   Fri Feb 25 00:01:17 2022 -0600

    organization
kb/hacking/commands/feroxbuster-command.md
kb/hacking/commands/hydra-ftp-command.md
kb/hacking/commands/impacket-commands.md
kb/hacking/commands/nmap-command.md
kb/hacking/commands/sqlmap-commands.md
kb/hacking/commands/sucrack-command.md
kb/hacking/commands/wget-recursive-command.md
kb/hacking/commands/wpscan-command.md

commit 9f5d331c8abea26eec885acf55e0001167fde598
Author: coyote0x90 <nicholas.eden.long@gmail.com>
Date:   Fri Feb 25 02:07:26 2022 -0600

    passwd line
kb/hacking/common-commands.md
kb/hacking/priv-esc/etc-passwd-writable-line.md
