
commit 2b7e7af3eb111f77dd26594bc69d438b19eeb85e
Author: Nicholas Long <nicholas.eden.long@gmail.com>
Date:   Wed Jun 29 00:03:59 2022 +0000

    tandy hacks
kb/linux/cyberpunk-retro-machine-serial-terminals.md

commit 2e08df83e7e603fff086285c883dc98b89d584b3
Author: Nicholas Long <nicholas.eden.long@gmail.com>
Date:   Wed Jun 29 00:09:11 2022 +0000

    include the model 100 baud code because i'll probably forget it
kb/linux/cyberpunk-retro-machine-serial-terminals.md

commit 1868399bed92d0378d98d5dba2b2429028e48117
Author: nicholas-long <nicholas.eden.long@gmail.com>
Date:   Tue Jun 28 23:38:21 2022 -0500

    wrapper for stripping bad chars and cleaning up output to be sent to the trs80 model 100
kb/linux/cyberpunk-retro-machine-serial-terminals.md

commit 8ab00dc57cc72f32dd4568a0612d7b506b9e8ea6
Author: Nicholas Long <nicholas.eden.long@gmail.com>
Date:   Wed Jun 29 07:30:30 2022 +0000

    tty settings
kb/linux/cyberpunk-retro-machine-serial-terminals.md

commit c54015f5eeee5ee3e437677b126b2aee630d9450
Author: nicholas-long <nicholas.eden.long@gmail.com>
Date:   Wed Jun 29 14:58:12 2022 -0500

    merge
kb/linux/cyberpunk-retro-machine-serial-terminals.md
