
commit cd4af133f0bff77adb64d5b37519e186347a97ed
Author: nicholas-long <nicholas-long@users.noreply.github.com>
Date:   Thu Sep 15 07:58:40 2022 +0000

    update autogenerated files
kb/auto-bash.md

commit 57773f08963d792689fc0b798eecfef34cc65b17
Author: nicholas-long <nicholas-long@users.noreply.github.com>
Date:   Thu Sep 15 16:17:08 2022 +0000

    update autogenerated files
kb/auto-bash.md
kb/auto-python.md

commit 2408b404e22d98f85bd4aed204fcaca289a1973f
Author: Nicholas Long <nicholas.eden.long@gmail.com>
Date:   Thu Sep 15 12:42:41 2022 -0400

    quick enumeration root process IDs
kb/hacking/priv-esc/enumeration-quick-commands.md

commit 41af4264b36c44e1075cd19687aa7b0cda2db6d6
Author: Nicholas Long <nicholas.eden.long@gmail.com>
Date:   Thu Sep 15 18:27:38 2022 +0000

    how capabilities work
kb/linux/capabilities.md

commit 86fbfbe6ca58a17875e6be4cd8fd1a08160c0395
Author: Nicholas Long <nicholas.eden.long@gmail.com>
Date:   Thu Sep 15 15:39:29 2022 -0400

    fix gobuster params to be $URL
kb/hacking/commands/gobuster.md

commit c23c63eb30c207a80fa4cef336dc6f2f22452ac9
Author: Nicholas Long <nicholas.eden.long@gmail.com>
Date:   Thu Sep 15 15:43:34 2022 -0400

    update enum notes
kb/hacking/notes-template/enum.md

commit 4d678b23d3b07e51b7ac75359c3d98ed8fbcf55f
Author: Nicholas Long <nicholas.eden.long@gmail.com>
Date:   Thu Sep 15 19:54:11 2022 -0400

    binwalk
kb/hacking/commands/binary-data-analysis.md
kb/hacking/to-try-lists/got-leaked-file-to-try-list.md
