
commit 1f7444d16596d1c169d6ff4dcbb6da1e4dbf0b0b
Author: Nicholas Long <nicholas.eden.long@gmail.com>
Date:   Wed Aug 10 06:37:55 2022 +0000

    less: colors and script logs
kb/linux/less.md

commit fe0460c1a9a65c3bde05c318e8ae1431d9046308
Author: nicholas-long <nicholas.eden.long@gmail.com>
Date:   Wed Aug 10 11:58:15 2022 -0500

    notes and to try
kb/hacking/commands/quick-servers.md
kb/hacking/misc/assorted-information.md
kb/hacking/to-try-lists/HTTP.md

commit bc619bdc04d973836b073fc813b25f824f2e052c
Author: nicholas-long <nicholas.eden.long@gmail.com>
Date:   Wed Aug 10 12:43:25 2022 -0500

    note
kb/hacking/to-try-lists/HTTP.md

commit 39abea81115ae743d05cbd5b886ba00b7c076fd7
Author: nicholas-long <nicholas.eden.long@gmail.com>
Date:   Wed Aug 10 16:03:45 2022 -0500

    delete this payload because it does not work in burp. run the script instead.
kb/hacking/tricks/php-lfi2rce-filter-iconv-exploit.md

commit 5039b2d2f09da42169f291645cb33c25375dfd2f
Author: Nicholas Long <nicholas.eden.long@gmail.com>
Date:   Wed Aug 10 22:02:01 2022 +0000

    idea
kb/hacking/notes-template/notes.md

commit 850c67c8734bbc72aced301049f11a259b741d18
Author: Nicholas Long <nicholas.eden.long@gmail.com>
Date:   Wed Aug 10 22:45:14 2022 +0000

    mysql sqli info database users
kb/hacking/methodology/sqli-manual-mysql-payloads.md

commit 59e47f1fdcf23b24c0d07e767ba901f01cdb54a6
Author: Nicholas Long <nicholas.eden.long@gmail.com>
Date:   Wed Aug 10 22:47:30 2022 +0000

    to try database
kb/hacking/to-try-lists/got-access-to-databases-general-SQL.md

commit b9f70e18801200421f7c3cf762eb7da8c514fbfe
Author: Nicholas Long <nicholas.eden.long@gmail.com>
Date:   Wed Aug 10 23:08:06 2022 +0000

    move things around
kb/hacking/to-try-lists/HTTP.md
kb/hacking/to-try-lists/procedure.md

commit e58a1343d38c9a5934a06ebbe2dbf4723a6a2f57
Author: nicholas-long <nicholas-long@users.noreply.github.com>
Date:   Wed Aug 10 23:27:34 2022 +0000

    update autogenerated files
kb/auto-bash.md

commit 2c250bb9d4c6ba6b6c995f7d3cf8ac78c5a56a64
Author: nicholas-long <nicholas-long@users.noreply.github.com>
Date:   Wed Aug 10 23:35:18 2022 +0000

    update autogenerated files
kb/auto-bash.md
