
commit 83d6f1cbdb53fa72f57c5ae96d4d1090d7e685b0
Author: Nicholas Long <nicholas.eden.long@gmail.com>
Date:   Tue Jun 28 19:08:34 2022 +0000

    mount SMB share from powershell, with optional credentials
kb/hacking/powershell/powershell-tricks.md

commit b18a5a90df58ff05c2c6ad4c201fe0a14cea7450
Author: Nicholas Long <nicholas.eden.long@gmail.com>
Date:   Tue Jun 28 22:04:13 2022 +0000

    do i need to save this? blank LM hash
kb/hacking/misc/assorted-information.md

commit e7e4669f9a17387724d8d169b6d524956dd64e20
Author: Nicholas Long <nicholas.eden.long@gmail.com>
Date:   Tue Jun 28 22:54:20 2022 +0000

    tcpdump commands
kb/hacking/commands/packet-capture.md

commit 48ffe3d5ca210390c838c99d06f1323db6850660
Author: Nicholas Long <nicholas.eden.long@gmail.com>
Date:   Tue Jun 28 23:04:00 2022 +0000

    this should save so much time - from ippsec video "heist"
kb/hacking/powershell/powershell-enumeration-commands.md

commit c64d606fe587c317d568b094051ad16675496756
Author: Nicholas Long <nicholas.eden.long@gmail.com>
Date:   Tue Jun 28 23:07:57 2022 +0000

    attempt to read files anyway if you can't access a directory
kb/hacking/to-try-lists/privesc/linux.md
kb/hacking/to-try-lists/privesc/windows.md

commit b80f669aed2be3594c2cd01c6bf51d43cbf61179
Author: Nicholas Long <nicholas.eden.long@gmail.com>
Date:   Tue Jun 28 23:41:52 2022 +0000

    end of notes from ippsec video "heist"
kb/hacking/powershell/powershell-enumeration-commands.md
kb/hacking/to-try-lists/privesc/windows.md
kb/hacking/windows/dump-process-memory.md

commit 0ae5a3aeb88ad33c99d1ce11fa605052f63485d6
Author: Nicholas Long <nicholas.eden.long@gmail.com>
Date:   Tue Jun 28 23:56:53 2022 +0000

    cyberpunk retro machine project
kb/linux/cyberpunk-retro-machine-serial-terminals.md

commit f9af71c6b90093e97eea9df9f7574f747e8b5c7f
Author: Nicholas Long <nicholas.eden.long@gmail.com>
Date:   Tue Jun 28 23:59:56 2022 +0000

    need this command too
kb/linux/cyberpunk-retro-machine-serial-terminals.md
