
commit 002c4792c15f2ef1e9fcf2c1f07ce1d989b0fb89
Author: Nicholas Long <nicholas.eden.long@gmail.com>
Date:   Thu May 5 16:28:20 2022 +0000

    bash tricks
kb/bash-scripting/tricks.md

commit 31e8eefa7ed1cb9c1f2a29bd094bd6d99095a272
Author: Nicholas Long <nicholas.eden.long@gmail.com>
Date:   Thu May 5 17:35:27 2022 +0000

    windows information and some win XP stuff from ippsec video "DropZone"
kb/hacking/commands/tftp-reference.md
kb/hacking/windows/xp-server-2003.md

commit 98e9b053b35695650bfb6a7fc738687d2133fcfe
Author: Nicholas Long <nicholas.eden.long@gmail.com>
Date:   Thu May 5 17:57:01 2022 +0000

    fix keywords
kb/hacking/commands/crackmapexec-commands.md

commit 094a07cf007569c6223df6144be0831ebf02b174
Author: Nicholas Long <nicholas.eden.long@gmail.com>
Date:   Thu May 5 19:20:27 2022 +0000

    smbclient null auth
kb/hacking/commands/smbclient-commands.md

commit a85e4d7fabf83f8e10c236f4a3aa7e06aaaad0fa
Author: Nicholas Long <nicholas.eden.long@gmail.com>
Date:   Thu May 5 19:20:55 2022 +0000

    this command has found its way into way too many places in notes
kb/hacking/common-commands.md

commit 8e5c0aa833aea6aaac86f7f135eb6282a22471ea
Author: Nicholas Long <nicholas.eden.long@gmail.com>
Date:   Thu May 5 19:25:51 2022 +0000

    clean up impacket commands
kb/hacking/commands/impacket-commands.md

commit 8ac4a635202614198866d39eaa1a316fd5d3646b
Author: Nicholas Long <nicholas.eden.long@gmail.com>
Date:   Thu May 5 19:29:34 2022 +0000

    include version with username and password authentication
kb/hacking/commands/impacket-commands.md

commit 45ab80bdf5a7cf0965a3afe2dc4f3be3f1ce5ea8
Author: Nicholas Long <nicholas.eden.long@gmail.com>
Date:   Thu May 5 20:13:14 2022 +0000

    fix keywords and add shares command
kb/hacking/commands/crackmapexec-commands.md

commit 1c3cc805a4d2fa71abbb848b88d5823501bd31c6
Author: Nicholas Long <nicholas.eden.long@gmail.com>
Date:   Thu May 5 20:52:59 2022 +0000

    linux routing notes from ippsec video sharp
kb/linux/iptables.md
kb/linux/routing.md
