
commit 4ba28bb4e48a3f2e891f1ea1589ecde52a65a87c
Author: Nicholas Long <nicholas.eden.long@gmail.com>
Date:   Mon May 2 15:31:02 2022 +0000

    need this for indexing into command search
kb/scripts.md

commit 97a95d66cd0feebfc5b73f0cc2a7280dafc2035d
Author: Nicholas Long <nicholas.eden.long@gmail.com>
Date:   Mon May 2 16:28:22 2022 +0000

    AD commands
kb/hacking/commands/windows-active-directory-kerberos-commands.md

commit 758216b44e5d0fd1f1b7d428928a368eccbf49d0
Author: Nicholas Long <nicholas.eden.long@gmail.com>
Date:   Mon May 2 18:50:44 2022 +0000

    jq pipes and filtering
kb/data-engineering-pipelines/jq-command-reference.md

commit 0507e297ec742673bda88c0b35a401d0236aa0d3
Author: Nicholas Long <nicholas.eden.long@gmail.com>
Date:   Mon May 2 18:51:38 2022 +0000

    new formatting, windows AD commands
kb/hacking/commands/crackmapexec-commands.md
kb/hacking/commands/windows-active-directory-kerberos-commands.md

commit 84ca5e6d2bfbca24f739766939eb389de7297adc
Author: Nicholas Long <nicholas.eden.long@gmail.com>
Date:   Mon May 2 20:14:16 2022 +0000

    windows AD commands, new format
kb/hacking/commands/crackmapexec-commands.md

commit f3e3d933cce3a9954f67b0d69dba54a359c0b40f
Author: Nicholas Long <nicholas.eden.long@gmail.com>
Date:   Mon May 2 21:39:15 2022 +0000

    more notes from ippsec video "search"
kb/hacking/commands/john-the-ripper-crack-with-wordlist.md
kb/hacking/commands/openssl-view-information-about-cert.md
kb/hacking/powershell/powershell-enumeration-commands.md
