
commit f194e25860b2ea008b4a4c33a88a98e636618e8d
Author: Nicholas Long <nicholas.eden.long@gmail.com>
Date:   Mon Aug 15 05:08:29 2022 +0000

    notes
kb/hacking/pwn/gdb-commands.md
kb/hacking/to-try-lists/HTTP.md
kb/hacking/windows/windows-information.md

commit bd4bff796ae31e4153e99cbd4942063b48f1f025
Author: nicholas-long <nicholas.eden.long@gmail.com>
Date:   Mon Aug 15 09:31:08 2022 -0500

    python imports
kb/hacking/python/python-imports.md

commit 023146c2f73c8866757b398b29dd863ba506ee08
Author: nicholas-long <nicholas.eden.long@gmail.com>
Date:   Mon Aug 15 09:51:53 2022 -0500

    sucrack
kb/hacking/to-try-lists/privesc/linux.md

commit b5dc937ee07dd0ebc1ee8b7acdc29bf75f64ea44
Author: nicholas-long <nicholas.eden.long@gmail.com>
Date:   Mon Aug 15 10:00:10 2022 -0500

    you cannot abuse relative paths with echo
kb/hacking/priv-esc/relative-path-abuse.md

commit 2a0332bfa1d3d1f81937633e4f4a9cea00883cf0
Author: nicholas-long <nicholas.eden.long@gmail.com>
Date:   Mon Aug 15 11:24:11 2022 -0500

    to try login form
kb/hacking/to-try-lists/HTTP.md

commit d37fa73fbf41cf1c8ca16f6c76cf862dd12b9109
Author: nicholas-long <nicholas-long@users.noreply.github.com>
Date:   Mon Aug 15 16:33:51 2022 +0000

    update autogenerated files
kb/auto-awk.md
kb/auto-bash.md

commit 2af9e6a1086d791084ae693e9cdd95bc6562b0e3
Author: nicholas-long <nicholas.eden.long@gmail.com>
Date:   Mon Aug 15 15:02:57 2022 -0500

    smbghost
kb/hacking/to-try-lists/privesc/windows.md
