
commit 61ec25565130ca4a0410109e40c3b87a910aa93a
Author: nicholas-long <nicholas-long@users.noreply.github.com>
Date:   Fri Aug 12 06:55:07 2022 +0000

    update autogenerated files
kb/auto-awk.md

commit e6ba8e1a376bcb6b92a936b334a2ddb2dfffed9e
Author: nicholas-long <nicholas-long@users.noreply.github.com>
Date:   Fri Aug 12 07:19:27 2022 +0000

    update autogenerated files
kb/auto-awk.md
kb/auto-python.md

commit 53254ba766e07220c7be9c748cce59963a9c24f2
Author: nicholas-long <nicholas-long@users.noreply.github.com>
Date:   Fri Aug 12 08:05:15 2022 +0000

    update autogenerated files
kb/auto-awk.md
kb/auto-bash.md

commit d07fb1f6bec35e6d1df1bafa70444a64bfaf5a66
Author: nicholas-long <nicholas.eden.long@gmail.com>
Date:   Fri Aug 12 15:53:06 2022 -0500

    notes
kb/hacking/to-try-lists/stuck.md
kb/hacking/windows/windows-information.md
