
commit b584c1d3f503a06cd7fe55a19975b250870d98c5
Author: Nicholas Long <nicholas.eden.long@gmail.com>
Date:   Wed Jul 27 02:59:13 2022 +0000

    AD lateral movement
kb/hacking/to-try-lists/active-directory-domain.md

commit caa7e72876c40bda4a9ebda9e2865861e72423df
Author: Nicholas Long <nicholas.eden.long@gmail.com>
Date:   Wed Jul 27 21:02:12 2022 +0000

    AD to try list
kb/hacking/to-try-lists/active-directory-domain.md

commit 98f5968368a951c4f36bd9499176d65bd6e88196
Author: nicholas-long <nicholas-long@users.noreply.github.com>
Date:   Wed Jul 27 21:02:34 2022 +0000

    update autogenerated files
kb/auto-awk.md

commit 62b18b1a7e9ec83be99532426a8901e46b6111f0
Author: Nicholas Long <nicholas.eden.long@gmail.com>
Date:   Wed Jul 27 21:09:08 2022 +0000

    specific
kb/hacking/to-try-lists/active-directory-domain.md
