
commit a8e4d71524760360ffa161456a4f7bbedab7c10f
Author: coyote0x90 <nicholas.eden.long@gmail.com>
Date:   Mon Apr 25 23:50:57 2022 -0500

    fix format
kb/bash-scripting/get-current-script-dir.md

commit e87f867c2e485c2dc9209578bd20b88db921c435
Author: coyote0x90 <nicholas.eden.long@gmail.com>
Date:   Tue Apr 26 00:43:33 2022 -0500

    fix formatting
kb/bash-scripting/capture-web-site-screenshot.md
kb/bash-scripting/check-empty-var.md
kb/docker/docker-compose-shortcuts.md
kb/docker/installations/install-mandown.md
kb/docker/lookup-missing-command-packages.md
kb/fzf-fuzzy-find/help.md
kb/hacking/commands/feroxbuster-command.md
kb/hacking/commands/msfvenom-commands.md
kb/hacking/common-commands.md
kb/hacking/passwords/hashcat-generate-wordlist-from-file-stdout.md
kb/hacking/pwn/debug-terminal-setup.md
kb/kafka/connect-confluent.md
kb/kafka/initialize-topics.md
kb/kafka/kafkacat.md
kb/kafka/ksql-initialize-example.md
kb/kafka/quick-and-dirty-kafkacat.md
kb/linux/deb-dependencies.md
kb/networking/port-forwarding.md
kb/networking/socat-proxy.md
kb/tmux/fix-box-art.md
kb/tmux/get-ctrl-h-to-work.md
kb/vim/spacevim-set-bindings.md
