
commit 9e5cd9faf724a986a5970cb3f205124b6a017cdb
Author: nicholas-long <nicholas-long@users.noreply.github.com>
Date:   Tue Sep 27 18:31:12 2022 +0000

    update autogenerated files
kb/auto-bash.md

commit 392b434289bc08de9fdde5ccc97f74106075c3c0
Author: Nicholas Long <nicholas.eden.long@gmail.com>
Date:   Tue Sep 27 18:37:15 2022 +0000

    sqlmap path
kb/hacking/commands/sqlmap-commands.md

commit 1ebf86977dcdea05480ae79da2758f0febe7bd04
Author: Nicholas Long <nicholas.eden.long@gmail.com>
Date:   Tue Sep 27 19:17:56 2022 +0000

    move this
kb/hacking/misc/assorted-information.md
kb/linux/capabilities.md

commit c68d027e137e97574b9e6a00ba691c997ca63211
Author: Nicholas Long <nicholas.eden.long@gmail.com>
Date:   Tue Sep 27 16:51:18 2022 -0400

    important git commands
kb/hacking/commands/git.md
