
commit 5a9282d3b1fbda0f102b8cffca3f84de12e4abe1
Author: Nicholas Long <nicholas.eden.long@gmail.com>
Date:   Thu Aug 18 04:15:23 2022 +0000

    dos file permissions
kb/hacking/windows/dos-and-powershell-enumeration-quick.md

commit 8040d007b5b73f0a55ce2de484b98cbab5ca9ced
Author: Nicholas Long <nicholas.eden.long@gmail.com>
Date:   Thu Aug 18 14:23:26 2022 -0400

    RunasCs
kb/hacking/misc/important-repositories-tools.md
kb/hacking/powershell/powershell-tricks.md
kb/hacking/to-try-lists/active-directory-domain.md

commit 62729b9d7773803e358b5428357eb67c87835bfa
Author: Nicholas Long <nicholas.eden.long@gmail.com>
Date:   Thu Aug 18 14:52:33 2022 -0400

    notes about privileges and tokens
kb/hacking/to-try-lists/active-directory-domain.md
kb/hacking/to-try-lists/privesc/windows.md
kb/hacking/windows/enable-privilege-api.md
kb/hacking/windows/service-account-privileges.md

commit 795d0fb7274dc1770db8ab500872079436b56b97
Author: nicholas-long <nicholas-long@users.noreply.github.com>
Date:   Thu Aug 18 19:30:57 2022 +0000

    update autogenerated files
kb/auto-bash.md

commit d16007d814b38dc013f2172228fe42377776a103
Author: nicholas-long <nicholas-long@users.noreply.github.com>
Date:   Thu Aug 18 19:39:13 2022 +0000

    update autogenerated files
kb/auto-bash.md

commit 80817e4e837c19911aeb9aa5f749669792bd386f
Author: Nicholas Long <nicholas.eden.long@gmail.com>
Date:   Thu Aug 18 20:32:55 2022 +0000

    bloodhound docker notes
kb/hacking/commands/bloodhound.md

commit 1d0242f8ebc3d3f39bac9f92fc19c168ea5f6164
Author: Nicholas Long <nicholas.eden.long@gmail.com>
Date:   Thu Aug 18 22:14:34 2022 +0000

    notes from liodeus
kb/hacking/commands/generate-cewl-wordlist.md
kb/hacking/misc/important-repositories-tools.md
kb/hacking/pivoting.md
kb/hacking/to-try-lists/SMB.md
kb/hacking/windows/windows-exploits-non-metasploit.md

commit 683afa7ca88bfb86b5ca6354de942af60dddd9f0
Author: Nicholas Long <nicholas.eden.long@gmail.com>
Date:   Thu Aug 18 22:58:15 2022 +0000

    useful
kb/hacking/to-try-lists/privesc/linux.md

commit 57e0a283b32759f49e102dbfb52b96e840b65c7b
Author: Nicholas Long <nicholas.eden.long@gmail.com>
Date:   Thu Aug 18 23:00:25 2022 +0000

    notes from cre4k
kb/hacking/to-try-lists/got-access-to-databases-general-SQL.md
kb/hacking/to-try-lists/stuck.md
