
commit 174a322a1bbef89ecaf8faf98e5ed8df1442b9d4
Author: Nicholas Long <nicholas.eden.long@gmail.com>
Date:   Tue May 31 00:29:56 2022 +0000

    move source code to try list
kb/hacking/to-try-lists/HTTP.md
kb/hacking/to-try-lists/got-source-code.md

commit ba612e63603e9da0eb6aaf95c97fc4959b6c2acc
Author: Nicholas Long <nicholas.eden.long@gmail.com>
Date:   Tue May 31 00:30:17 2022 +0000

    ippsec admirertoo
kb/hacking/php/deserialization-attacks.md
kb/hacking/to-try-lists/privesc/linux.md

commit b745a9a816b0c5f2cfc61b6574451b8af53bb161
Author: Nicholas Long <nicholas.eden.long@gmail.com>
Date:   Tue May 31 00:36:25 2022 +0000

    link up notes for source analysis in to try lists for privesc where they are also relevant
kb/hacking/to-try-lists/privesc/linux.md

commit d6d47e684cc8d2ba98222ed92e22710558c31810
Author: Nicholas Long <nicholas.eden.long@gmail.com>
Date:   Tue May 31 01:28:44 2022 +0000

    ofc
kb/hacking/to-try-lists/email.md

commit 86eb8dfc93f16b236d62ba08219bc8f9d8517ee7
Author: Nicholas Long <nicholas.eden.long@gmail.com>
Date:   Tue May 31 02:20:59 2022 +0000

    C payloads that come with seclists
kb/hacking/priv-esc/c-shells-and-setuid.md

commit 618643e877d899997f06917462684307a1d5c275
Author: Nicholas Long <nicholas.eden.long@gmail.com>
Date:   Tue May 31 02:41:54 2022 +0000

    rename directory for keyword purposes
kb/hacking/misc/assorted-information.md
kb/hacking/misc/assorted-tools.md
kb/hacking/misc/bruteforcing-tools.md
kb/hacking/misc/buzzwords-and-acronyms.md
kb/hacking/misc/database-config-locations.md
kb/hacking/misc/file-type-reference.md
kb/hacking/misc/important-repositories-tools.md
kb/hacking/misc/openssl-client-certificates.md
kb/hacking/misc/openssl-commands-encrypt-text.md
kb/hacking/misc/tools-and-apt-packages.md
kb/hacking/misc/troubleshoot-error-messages.md
kb/hacking/misc/web-server-executable-extensions.md

commit 2f43ca6b1a5a872af56f7983bf22e7e97ec6a70a
Author: Nicholas Long <nicholas.eden.long@gmail.com>
Date:   Tue May 31 02:43:18 2022 +0000

    move this
kb/hacking/misc/assorted-information.md
kb/hacking/misc/tomcat.md

commit f2465fd83a24e9529321d5f254a255a114ef33d8
Author: Nicholas Long <nicholas.eden.long@gmail.com>
Date:   Tue May 31 02:52:04 2022 +0000

    sensitive files - tomcat and linux wordlist
kb/hacking/methodology/LFI-procedure.md
kb/hacking/misc/tomcat.md

commit 889d2dd3529a4d891e3e39f2c1e77247aae81bde
Author: Nicholas Long <nicholas.eden.long@gmail.com>
Date:   Tue May 31 03:02:15 2022 +0000

    port knocking - probably kind of rare? could show up in CTF type boxes
kb/hacking/to-try-lists/got-read-or-write-access-to-filesystem.md

commit f9e66e455dd2755ca5b380a52e4df502ac35f1ce
Author: Nicholas Long <nicholas.eden.long@gmail.com>
Date:   Tue May 31 19:08:03 2022 +0000

    zsh settings
kb/linux/zsh-see-default-bindings.md

commit 523e22e25a99de77182e194a0fb42bbf307e8229
Author: Nicholas Long <nicholas.eden.long@gmail.com>
Date:   Tue May 31 19:26:47 2022 +0000

    cleanup noise and add command to extract private key from pfx file
kb/hacking/commands/openssl-view-information-about-cert.md
kb/hacking/misc/file-type-reference.md

commit 92863b77631d42590d034ae22928689f1f73c023
Author: Nicholas Long <nicholas.eden.long@gmail.com>
Date:   Tue May 31 19:31:44 2022 +0000

    export certificate
kb/hacking/commands/openssl-view-information-about-cert.md

commit 7c2d7f751cc66bd04f4ae4583c93bc5a099da12a
Author: Nicholas Long <nicholas.eden.long@gmail.com>
Date:   Tue May 31 21:08:21 2022 +0000

    zone transfer
kb/hacking/commands/dns-commands.md

commit ec78096e1cc434f072df2f07e7d0f899286f0c9b
Author: Nicholas Long <nicholas.eden.long@gmail.com>
Date:   Tue May 31 21:15:12 2022 +0000

    dig any query
kb/hacking/commands/dns-commands.md
kb/hacking/to-try-lists/DNS.md

commit d771da16126a8e85f590151c0e610df4a899022b
Author: Nicholas Long <nicholas.eden.long@gmail.com>
Date:   Tue May 31 22:40:17 2022 +0000

    update DNS records
kb/hacking/commands/dns-commands.md
kb/hacking/to-try-lists/DNS.md

commit 6801ce765fa505ed3a850746743e019745d59e54
Author: Nicholas Long <nicholas.eden.long@gmail.com>
Date:   Tue May 31 22:56:23 2022 +0000

    useful
kb/tmux/copy-buffer.md

commit 83f758e384999eca199ad94dec0aed0fc4308172
Author: Nicholas Long <nicholas.eden.long@gmail.com>
Date:   Tue May 31 22:56:49 2022 +0000

    configure responder to use SSL certificate - not very difficult
kb/hacking/commands/responder.md
