
commit 11d14d00f872364dfa83c648b03504d425a62881
Author: Nicholas Long <nicholas.eden.long@gmail.com>
Date:   Fri Mar 11 04:54:10 2022 +0000

    notes
kb/docker/run-container-in-background.md

commit 45ea6e15b1e6b9d6247e753556ad89d0fb788aa9
Author: Nicholas Long <nicholas.eden.long@gmail.com>
Date:   Fri Mar 11 06:00:41 2022 +0000

    needed to move the mac plus down a line. was bothering me.
kb/ascii/coyote0x90.md

commit 4543c29e6892e7e775d32eb926698de1c0cfeae8
Author: Nicholas Long <nicholas.eden.long@gmail.com>
Date:   Fri Mar 11 07:44:16 2022 +0000

    syntax tags for snippets
kb/hacking/common-commands.md
kb/linux/free-up-space.md
kb/networking/port-forwarding.md

commit 9004f9f0121f950d8f168a8dac1ba2a067b24a0e
Author: coyote <nicholas.eden.long@gmail.com>
Date:   Fri Mar 11 05:04:40 2022 -0600

    reorganize
kb/hacking/priv-esc/netstat-command.md
kb/linux/deb-dependencies.md
