
commit 9cdd4ca42aed800f8517997771235c7cf6ea7797
Author: Kali Linux <nicholas.eden.long@gmail.com>
Date:   Thu Jan 27 08:16:32 2022 +0000

    added a bit of stuff that was stored in the wrong place with my PWK lab notes
kb/bash-scripting/capture-web-site-screenshot.md
kb/networking/port-forwarding.md
kb/networking/socat-proxy.md

commit c15f64e3dfde8fcf15fb3426bddfbc6df1a91851
Author: Kali Linux <nicholas.eden.long@gmail.com>
Date:   Thu Jan 27 08:38:25 2022 +0000

    fzf
kb/fzf-fuzzy-find/help.md

commit 0e413d018441ed2c3425d6293efd6900986173ef
Author: Kali Linux <nicholas.eden.long@gmail.com>
Date:   Thu Jan 27 18:04:25 2022 +0000

    polkit cve, testing deb packages in docker
kb/hacking/priv-esc/polkit-pkexec-CVE-2021-4034/run-in-docker.md

commit 0328da613418112523ba6dc470455237f175b576
Author: Kali Linux <nicholas.eden.long@gmail.com>
Date:   Thu Jan 27 18:09:13 2022 +0000

    packages
kb/docker/lookup-missing-command-packages.md

commit 799d4ef1e832a26b00a33774ccca95c39cb69344
Author: Kali Linux <nicholas.eden.long@gmail.com>
Date:   Thu Jan 27 18:41:08 2022 +0000

    links
kb/hacking/priv-esc/polkit-pkexec-CVE-2021-4034/run-in-docker.md

commit e5af3d3bacca3799a00ed6981d591cb0ff7a4257
Author: Kali Linux <nicholas.eden.long@gmail.com>
Date:   Thu Jan 27 20:30:24 2022 +0000

    desc
kb/hacking/priv-esc/polkit-pkexec-CVE-2021-4034/run-in-docker.md
