
commit 55337a017746e510e22dfc3dd0a770ff05d3f000
Author: Nicholas Long <nicholas.eden.long@gmail.com>
Date:   Wed Sep 28 02:54:10 2022 +0000

    MOTW and alternate data streams
kb/hacking/misc/buzzwords-and-acronyms.md
kb/hacking/misc/important-repositories-tools.md
kb/hacking/windows/windows-information.md

commit b1f36fefc8051f399b9abb2b9f0e6538fee5ee89
Author: Nicholas Long <nicholas.eden.long@gmail.com>
Date:   Wed Sep 28 03:54:55 2022 +0000

    find largest files and argument value or default snippet/script
kb/auto-bash.md

commit d98885673941abe9a52d4123a7f9a0e26b1c3ab4
Author: Nicholas Long <nicholas.eden.long@gmail.com>
Date:   Wed Sep 28 06:19:56 2022 +0000

    start C templates
kb/c-language/templates.md

commit 42ac65e90d236e8cbdf2f2783b12989e38707591
Author: Nicholas Long <nicholas.eden.long@gmail.com>
Date:   Wed Sep 28 20:37:36 2022 +0000

    add kiterunner as low priority item
kb/hacking/to-try-lists/HTTP.md
