
commit 8a5b2664bde0b1bf1e4eb04908236244570840ad
Author: coyote <nicholas.eden.long@gmail.com>
Date:   Mon Feb 21 04:04:30 2022 -0600

    xterm font size
kb/linux/xterm-font-size.md

commit 43d7366b8be70495f260b739bba0519004c0449a
Author: coyote <nicholas.eden.long@gmail.com>
Date:   Mon Feb 21 04:15:11 2022 -0600

    refresh xterm configs
kb/linux/xterm-font-size.md

commit a547e9dd16cf73670a0f1655c9db974f77120426
Author: Nicholas Long <nicholas.eden.long@gmail.com>
Date:   Mon Feb 21 11:01:09 2022 +0000

    dselect-upgrade fixes things i guess
kb/linux/force-upgrade.md

commit 3ec4f998bd639aa6f7ddb36cb7b9317051873afa
Author: coyote <nicholas.eden.long@gmail.com>
Date:   Mon Feb 21 12:38:56 2022 -0600

    bettercap
kb/hacking/lan/bettercap-options.md
