
commit 37132b5e3c91235b151d2d4a9cb6e8f67e30d2df
Author: Nicholas Long <nicholas.eden.long@gmail.com>
Date:   Tue Aug 2 15:55:26 2022 +0000

    clean up wordlist generation repositories and include bopscrk
kb/hacking/misc/important-repositories-tools.md

commit c5b3ba5fead5e8dde211fc5639debb795a51a2ee
Author: Nicholas Long <nicholas.eden.long@gmail.com>
Date:   Tue Aug 2 17:06:39 2022 +0000

    fix keywords
kb/hacking/misc/important-repositories-tools.md

commit 55e9af4bd3e4bf121dfc09ce033054b73cea6f0a
Author: Nicholas Long <nicholas.eden.long@gmail.com>
Date:   Tue Aug 2 17:48:05 2022 +0000

    what diffie hellman means
kb/hacking/misc/assorted-information.md
kb/hacking/misc/buzzwords-and-acronyms.md

commit 59df20a9608be87211a2adb8423c868cce3ad0c0
Author: Nicholas Long <nicholas.eden.long@gmail.com>
Date:   Tue Aug 2 17:48:55 2022 +0000

    idea: clue wordlist? for fuzzing or combining with exploits?
kb/hacking/to-try-lists/procedure.md

commit 29fbc67f38ac43c767b1c8dc8440aeb29aab1302
Author: nicholas-long <nicholas.eden.long@gmail.com>
Date:   Tue Aug 2 13:25:46 2022 -0500

    update notes template, include overview and summary
kb/hacking/notes-template/notes.md

commit 62b53d5d0d3180ee2bf4d56a8bd672cf593d101f
Author: nicholas-long <nicholas-long@users.noreply.github.com>
Date:   Tue Aug 2 18:54:27 2022 +0000

    update autogenerated files
kb/auto-bash.md

commit 6eb571d4f06a26959a798609e1e0ea0bfae4cff2
Author: nicholas-long <nicholas.eden.long@gmail.com>
Date:   Tue Aug 2 14:14:21 2022 -0500

    postgress authenticated RCE
kb/hacking/to-try-lists/got-access-to-databases-general-SQL.md
