
commit f65188e2d168530b229dbdeebeb4de08e5da976a
Author: nicholas-long <nicholas.eden.long@gmail.com>
Date:   Mon Jul 11 11:48:33 2022 -0500

    run bloodhound-python in docker with NTLM hashes
kb/hacking/commands/bloodhound.md

commit 9179b241bfb72eee901415ed5c3cc8ba48a4b9ce
Author: nicholas-long <nicholas.eden.long@gmail.com>
Date:   Mon Jul 11 11:50:31 2022 -0500

    add --rm to docker so it doesn't take up space after
kb/hacking/commands/bloodhound.md

commit 44679e1d84db97a1b4083fe89c14320812582593
Author: nicholas-long <nicholas.eden.long@gmail.com>
Date:   Mon Jul 11 14:08:36 2022 -0500

    list of things to check in bloodhound
kb/hacking/methodology/bloodhound-checklist.md

commit 28074903f0a6adb5796c1aa59ed6c70bbe1d68a9
Author: nicholas-long <nicholas.eden.long@gmail.com>
Date:   Mon Jul 11 14:16:35 2022 -0500

    update permissions
kb/hacking/windows/windows-active-directory-and-privilege-information.md

commit ec3cacd98831bcbfc4d9a4f18338537ca5655121
Author: nicholas-long <nicholas.eden.long@gmail.com>
Date:   Mon Jul 11 17:59:48 2022 -0500

    resource based constrained delegation
kb/hacking/commands/windows-active-directory-kerberos-commands.md
kb/hacking/windows/AD-resource-based-constrained-delegation-attack.md

commit 62d23d8e2b829d163b45c19b5d412cc1c0335aee
Author: nicholas-long <nicholas.eden.long@gmail.com>
Date:   Mon Jul 11 18:51:30 2022 -0500

    keywords
kb/hacking/windows/AD-resource-based-constrained-delegation-attack.md
