
commit 0cd0ff5e7d11ca0b4f3d26b932585fbd3dba14f7
Author: nicholas-long <nicholas.eden.long@gmail.com>
Date:   Wed Aug 3 09:54:45 2022 -0500

    update hacking commands
kb/hacking/commands/gobuster.md
kb/hacking/commands/wfuzz-commands.md

commit a4c2217cfa510552505e8d68c3ff65d9fcbe6fac
Author: nicholas-long <nicholas.eden.long@gmail.com>
Date:   Wed Aug 3 14:29:12 2022 -0500

    move LFI wordlists into to try list
kb/hacking/to-try-lists/HTTP.md

commit b26222dacee646a72ec404fbfe886077ae375ecf
Author: nicholas-long <nicholas.eden.long@gmail.com>
Date:   Wed Aug 3 17:31:18 2022 -0500

    php LFI to RCE new trick
kb/hacking/to-try-lists/HTTP.md
kb/hacking/tricks/php-lfi2rce-filter-iconv-exploit.md

commit 2bf9146aa46742f0f1c39d82dab77d2acf3f10dd
Author: nicholas-long <nicholas.eden.long@gmail.com>
Date:   Wed Aug 3 17:35:41 2022 -0500

    privesc ttl
kb/hacking/to-try-lists/privesc/linux.md

commit dd485f28f70890010f61dc96c125acb9b6c07ef0
Author: nicholas-long <nicholas.eden.long@gmail.com>
Date:   Wed Aug 3 17:53:48 2022 -0500

    writable files in etc
kb/hacking/to-try-lists/privesc/linux.md
