
commit c5e66856fedd7b08cf9d010b56547344a0d6b5de
Author: Nicholas Long <nicholas.eden.long@gmail.com>
Date:   Thu Jun 2 00:20:50 2022 +0000

    useful to save
kb/bash-scripting/file-operations.md

commit be38d5f991ddb48922d7c25734080a73cdee8d6e
Author: Nicholas Long <nicholas.eden.long@gmail.com>
Date:   Thu Jun 2 03:54:11 2022 +0000

    to try for docker repo
kb/hacking/to-try-lists/docker-repository.md

commit 1198907138c76238093cda3ac6a89dc6bfef97db
Author: Nicholas Long <nicholas.eden.long@gmail.com>
Date:   Thu Jun 2 15:01:51 2022 +0000

    privesc
kb/hacking/to-try-lists/privesc/linux.md

commit cf445e4df5e48e17e7c475f7ea985a69590fa726
Author: Nicholas Long <nicholas.eden.long@gmail.com>
Date:   Thu Jun 2 15:09:00 2022 +0000

    add useful script and update autogenerated script snippets
kb/auto-awk.md
kb/auto-python.md

commit e0441d5350af4470276a2bce4fb8e9c7292d6920
Author: Nicholas Long <nicholas.eden.long@gmail.com>
Date:   Thu Jun 2 15:19:42 2022 +0000

    partition CSVs this is useful reference for doing analysis with awk
kb/awk-scripting/bash-awk-quick-commands.md

commit f1afe558c3949068b2ebd882804da1772183c630
Author: Nicholas Long <nicholas.eden.long@gmail.com>
Date:   Thu Jun 2 17:17:26 2022 +0000

    move this information, expand on it, and start a whole new file for type juggling notes
kb/hacking/misc/assorted-information.md
kb/hacking/php/type-juggling.md

commit 8dbaac42cd5d4302c6812c2c47c638f97ca3b7c3
Author: Nicholas Long <nicholas.eden.long@gmail.com>
Date:   Thu Jun 2 22:06:44 2022 +0000

    determine windows version
kb/hacking/windows/windows-sensitive-file-disclosure-cheatsheet.md
