
commit 0dc3fd35ebd1d6403ff0da832e10b09dbc95f93e
Author: nicholas-long <nicholas.eden.long@gmail.com>
Date:   Wed May 25 23:34:47 2022 -0500

    cleanup
kb/tmux/get-data-info.md

commit 4d03d663cd141ae41b8a8477bc0a490f68a50e3b
Author: nicholas-long <nicholas.eden.long@gmail.com>
Date:   Wed May 25 23:37:51 2022 -0500

    fix headings
kb/awk-scripting/convert-decimal-to-hex.md
kb/bash-scripting/check-empty-var.md
kb/bash-scripting/debugging.md
kb/bash-scripting/substitution-syntax-braces.md
kb/docker/docker-hd-space.md
kb/fzf-fuzzy-find/help.md
kb/hacking/commands/feroxbuster-command.md
kb/hacking/commands/hydra-ftp-command.md
kb/hacking/commands/nmap-command.md
kb/hacking/commands/openssl-commands.md
kb/hacking/commands/packet-capture.md
kb/hacking/commands/sqlmap-commands.md
kb/hacking/commands/wfuzz-commands.md
kb/hacking/commands/wfuzz-fuzzing.md
kb/hacking/commands/wpscan-command.md
kb/hacking/common-commands.md
kb/hacking/lan/bettercap-options.md
kb/hacking/powershell/load-xml-object-print-password-from-pscredential.md
kb/hacking/priv-esc/etc-passwd-writable-line.md
kb/hacking/pwn/debug-terminal-setup.md
kb/hacking/pwn/gef-commands.md
kb/hacking/python/python-quick-reference.md
kb/kafka/kafkacat.md
kb/kafka/quick-and-dirty-kafkacat.md
kb/linux/dump-process-memory.md
kb/linux/free-up-space.md
kb/linux/git-settings.md
kb/linux/install-alacritty.md
kb/linux/utilities-packages.md
kb/vim/edit-multiple-files.md

commit 5290875569775d1d52587800e2b8bfcee1285531
Author: nicholas-long <nicholas.eden.long@gmail.com>
Date:   Wed May 25 23:42:30 2022 -0500

    put files for autogenerated markdown in deterministic order
kb/auto-bash.md

commit ecfe737620321f7a834bff6d1536c4a97a1ceec5
Author: nicholas-long <nicholas.eden.long@gmail.com>
Date:   Thu May 26 10:30:09 2022 -0500

    remote mouse
kb/hacking/analysis/identify-service-data.md
