
commit d47652a8cf3f2d98ed590ec4f1bb534af8dcf20a
Author: Nicholas Long <nicholas.eden.long@gmail.com>
Date:   Wed Apr 13 04:09:28 2022 +0000

    useful
kb/linux/numpad-ssh-putty.md

commit 5608a04c200b6e23b6c9a4e3e8de749d22e11ac4
Author: Nicholas Long <nicholas.eden.long@gmail.com>
Date:   Wed Apr 13 06:36:21 2022 +0000

    list of apt packages for commands that are not intuitive
kb/linux/utilities-packages.md

commit 37506a8b888ab3e051f14a7fce3fb7bf9d117657
Author: Nicholas Long <nicholas.eden.long@gmail.com>
Date:   Wed Apr 13 07:00:23 2022 +0000

    notes
kb/linux/utilities-packages.md

commit 486a64f1c6bac18b9556b3110e3e84a95e6091d1
Author: Nicholas Long <nicholas.eden.long@gmail.com>
Date:   Wed Apr 13 23:10:20 2022 +0000

    openssl information from ippsec video on LaCasaDePapel
kb/hacking/commands/openssl-view-information-about-cert.md

commit 1d1844788eed25369ef13d713e3e97c5314f3d7f
Author: Nicholas Long <nicholas.eden.long@gmail.com>
Date:   Wed Apr 13 23:10:27 2022 +0000

    php command quick reference
kb/hacking/php/PHP-quick-command-reference.md
